-------------------------------------------------------------------------------
Test set: Medical.echo.EchoServiceInServerIT
-------------------------------------------------------------------------------
Tests run: 1, Failures: 0, Errors: 1, Skipped: 0, Time elapsed: 4.339 sec <<< FAILURE! - in Medical.echo.EchoServiceInServerIT
Medical.echo.EchoServiceInServerIT  Time elapsed: 4.337 sec  <<< ERROR!
java.lang.IllegalStateException: Could not setup chameleon container
Caused by: java.lang.RuntimeException: Could not resolve target org.arquillian.container.chameleon.spi.model.ContainerAdapter@50313382 adapter dependencies
Caused by: org.jboss.shrinkwrap.resolver.api.NoResolvedResultException: Unable to collect/resolve dependency tree for a resolution due to: Failed to collect dependencies at org.wildfly.arquillian:wildfly-arquillian-container-managed:jar:1.0.0.Final, caused by: Server returned HTTP response code: 501 for URL: http://repo1.maven.org/maven2/org/wildfly/arquillian/wildfly-arquillian-container-managed/1.0.0.Final/wildfly-arquillian-container-managed-1.0.0.Final.pom
Caused by: org.eclipse.aether.resolution.DependencyResolutionException: Failed to collect dependencies at org.wildfly.arquillian:wildfly-arquillian-container-managed:jar:1.0.0.Final
Caused by: org.eclipse.aether.collection.DependencyCollectionException: Failed to collect dependencies at org.wildfly.arquillian:wildfly-arquillian-container-managed:jar:1.0.0.Final
Caused by: org.eclipse.aether.resolution.ArtifactDescriptorException: Failed to read artifact descriptor for org.wildfly.arquillian:wildfly-arquillian-container-managed:jar:1.0.0.Final
Caused by: org.eclipse.aether.resolution.ArtifactResolutionException: Could not transfer artifact org.wildfly.arquillian:wildfly-arquillian-container-managed:pom:1.0.0.Final from/to central (http://repo1.maven.org/maven2): Error transferring file: Server returned HTTP response code: 501 for URL: http://repo1.maven.org/maven2/org/wildfly/arquillian/wildfly-arquillian-container-managed/1.0.0.Final/wildfly-arquillian-container-managed-1.0.0.Final.pom from http://repo1.maven.org/maven2/org/wildfly/arquillian/wildfly-arquillian-container-managed/1.0.0.Final/wildfly-arquillian-container-managed-1.0.0.Final.pom
Caused by: org.eclipse.aether.transfer.ArtifactTransferException: Could not transfer artifact org.wildfly.arquillian:wildfly-arquillian-container-managed:pom:1.0.0.Final from/to central (http://repo1.maven.org/maven2): Error transferring file: Server returned HTTP response code: 501 for URL: http://repo1.maven.org/maven2/org/wildfly/arquillian/wildfly-arquillian-container-managed/1.0.0.Final/wildfly-arquillian-container-managed-1.0.0.Final.pom from http://repo1.maven.org/maven2/org/wildfly/arquillian/wildfly-arquillian-container-managed/1.0.0.Final/wildfly-arquillian-container-managed-1.0.0.Final.pom
Caused by: org.apache.maven.wagon.TransferFailedException: Error transferring file: Server returned HTTP response code: 501 for URL: http://repo1.maven.org/maven2/org/wildfly/arquillian/wildfly-arquillian-container-managed/1.0.0.Final/wildfly-arquillian-container-managed-1.0.0.Final.pom from http://repo1.maven.org/maven2/org/wildfly/arquillian/wildfly-arquillian-container-managed/1.0.0.Final/wildfly-arquillian-container-managed-1.0.0.Final.pom
Caused by: java.io.IOException: Server returned HTTP response code: 501 for URL: http://repo1.maven.org/maven2/org/wildfly/arquillian/wildfly-arquillian-container-managed/1.0.0.Final/wildfly-arquillian-container-managed-1.0.0.Final.pom
Caused by: java.io.IOException: Server returned HTTP response code: 501 for URL: http://repo1.maven.org/maven2/org/wildfly/arquillian/wildfly-arquillian-container-managed/1.0.0.Final/wildfly-arquillian-container-managed-1.0.0.Final.pom

